SF:lib/domain/usecase/get_movie_detail.dart
DA:8,1
DA:10,1
DA:11,2
LF:3
LH:3
end_of_record
SF:lib/domain/usecase/get_movie_recommendations.dart
DA:8,1
DA:10,1
DA:11,2
LF:3
LH:3
end_of_record
SF:lib/domain/usecase/get_watchlist.dart
DA:8,1
DA:10,1
DA:11,2
LF:3
LH:3
end_of_record
SF:lib/domain/usecase/get_watchlist_status.dart
DA:9,1
DA:11,1
DA:12,2
LF:3
LH:3
end_of_record
SF:lib/domain/usecase/remove_watchlist_movie.dart
DA:8,1
DA:10,1
DA:11,2
LF:3
LH:3
end_of_record
SF:lib/domain/usecase/save_watchlist_movie.dart
DA:8,1
DA:10,1
DA:11,2
LF:3
LH:3
end_of_record
SF:lib/presentation/bloc/movie_detail/movie_detail_state.dart
DA:4,2
DA:6,1
DA:7,1
DA:17,2
DA:21,1
DA:22,2
DA:28,2
DA:30,1
DA:31,2
LF:9
LH:9
end_of_record
SF:lib/presentation/bloc/movie_detail/movie_detail_event.dart
DA:4,2
DA:6,0
DA:7,0
DA:13,2
DA:15,1
DA:16,2
LF:6
LH:4
end_of_record
SF:lib/presentation/bloc/movie_detail/movie_detail_bloc.dart
DA:12,1
DA:14,2
DA:17,1
DA:18,1
DA:19,2
DA:20,4
DA:21,2
DA:22,1
DA:23,3
DA:25,1
DA:26,2
LF:11
LH:11
end_of_record
SF:lib/presentation/bloc/movie_recommendation/movie_recommendation_state.dart
DA:5,2
DA:7,1
DA:8,1
DA:18,2
DA:20,1
DA:21,2
DA:27,2
DA:29,1
DA:30,2
LF:9
LH:9
end_of_record
SF:lib/presentation/bloc/movie_recommendation/movie_recommendation_event.dart
DA:5,2
DA:7,0
DA:8,0
DA:14,2
DA:16,1
DA:17,2
LF:6
LH:4
end_of_record
SF:lib/presentation/bloc/movie_recommendation/movie_recommendation_bloc.dart
DA:14,1
DA:15,2
DA:18,1
DA:20,1
DA:21,2
DA:23,4
DA:24,2
DA:25,1
DA:26,3
DA:28,1
DA:29,2
LF:11
LH:11
end_of_record
SF:lib/presentation/bloc/movie_watchlist/movie_watchlist_event.dart
DA:4,2
DA:6,0
DA:7,0
DA:14,2
DA:16,1
DA:17,3
DA:23,2
DA:25,0
DA:26,0
DA:33,1
DA:36,0
DA:37,0
LF:12
LH:6
end_of_record
SF:lib/presentation/bloc/movie_watchlist/movie_watchlist_bloc.dart
DA:15,1
DA:19,2
DA:22,1
DA:24,1
DA:25,2
DA:27,5
DA:28,2
DA:29,1
DA:30,3
DA:32,1
DA:33,2
DA:36,1
DA:37,2
DA:38,4
DA:39,2
DA:40,1
DA:41,3
DA:43,1
DA:44,2
DA:47,1
DA:48,2
DA:49,4
DA:50,2
DA:51,1
DA:52,3
DA:54,1
DA:55,2
LF:27
LH:27
end_of_record
SF:lib/presentation/bloc/movie_watchlist/movie_watchlist_state.dart
DA:4,2
DA:6,1
DA:7,1
DA:17,2
DA:19,1
DA:20,2
DA:26,2
DA:28,1
DA:29,2
LF:9
LH:9
end_of_record
SF:lib/presentation/pages/movie_detail_page.dart
DA:14,1
DA:16,1
DA:17,1
DA:21,1
DA:23,1
DA:24,6
DA:27,1
DA:29,1
DA:30,1
DA:31,1
DA:32,1
DA:33,1
DA:34,1
DA:36,1
DA:37,1
DA:38,2
DA:40,1
DA:41,2
DA:43,0
DA:54,1
DA:58,1
DA:59,1
DA:63,1
DA:65,1
DA:66,4
DA:67,3
DA:70,4
DA:71,3
DA:75,1
DA:77,3
DA:78,1
DA:79,1
DA:80,1
DA:81,4
DA:83,2
DA:84,1
DA:86,0
DA:88,1
DA:90,1
DA:91,1
DA:92,1
DA:93,1
DA:95,2
DA:102,1
DA:103,1
DA:104,1
DA:106,1
DA:108,1
DA:110,1
DA:111,1
DA:112,3
DA:113,1
DA:115,1
DA:116,1
DA:117,1
DA:118,1
DA:119,1
DA:120,1
DA:121,1
DA:124,1
DA:125,1
DA:126,1
DA:127,0
DA:128,0
DA:130,0
DA:131,0
DA:132,0
DA:135,0
DA:136,0
DA:137,0
DA:140,0
DA:141,0
DA:142,0
DA:143,0
DA:144,0
DA:145,0
DA:149,1
DA:150,1
DA:151,1
DA:152,1
DA:154,1
DA:156,1
DA:158,1
DA:160,1
DA:164,1
DA:165,1
DA:166,1
DA:167,0
DA:168,1
DA:169,1
DA:170,1
DA:171,2
DA:176,0
DA:179,1
DA:180,4
DA:182,1
DA:183,4
DA:185,1
DA:186,1
DA:187,1
DA:188,4
DA:190,2
DA:196,5
DA:199,1
DA:200,1
DA:202,1
DA:204,1
DA:205,3
DA:207,1
DA:208,1
DA:210,1
DA:212,1
DA:214,1
DA:215,1
DA:216,1
DA:217,1
DA:218,1
DA:219,1
DA:222,1
DA:223,1
DA:224,1
DA:225,1
DA:227,1
DA:228,1
DA:229,1
DA:231,1
DA:233,1
DA:234,2
DA:235,1
DA:237,1
DA:238,0
DA:239,0
DA:242,0
DA:245,1
DA:246,1
DA:247,1
DA:249,1
DA:251,2
DA:252,1
DA:253,1
DA:255,1
DA:258,0
DA:259,0
DA:265,2
DA:269,0
DA:277,1
DA:279,1
DA:294,1
DA:296,1
DA:299,1
DA:300,1
DA:301,0
DA:302,0
DA:311,1
DA:313,2
DA:314,3
DA:317,1
DA:321,3
DA:324,1
DA:325,1
DA:326,1
DA:328,1
DA:329,1
DA:331,0
LF:164
LH:137
end_of_record
