SF:lib/domain/usecase/get_tv_on_air.dart
DA:8,0
DA:10,0
DA:11,0
LF:3
LH:0
end_of_record
SF:lib/domain/usecase/get_popular_tv_series.dart
DA:8,0
DA:10,0
DA:11,0
LF:3
LH:0
end_of_record
SF:lib/domain/usecase/get_top_rated_tv_series.dart
DA:8,0
DA:10,0
DA:11,0
LF:3
LH:0
end_of_record
SF:lib/presentation/bloc/list_popular_tv_series/list_popular_tv_series_state.dart
DA:4,1
DA:6,1
DA:7,1
DA:17,1
DA:19,1
DA:20,2
DA:26,1
DA:28,1
DA:29,2
LF:9
LH:9
end_of_record
SF:lib/presentation/bloc/list_popular_tv_series/list_popular_tv_series_bloc.dart
DA:13,1
DA:14,2
DA:17,1
DA:20,1
DA:21,2
DA:22,3
DA:23,2
DA:24,1
DA:25,3
DA:27,1
DA:28,2
LF:11
LH:11
end_of_record
SF:lib/presentation/bloc/list_popular_tv_series/list_popular_tv_series_event.dart
DA:4,1
DA:6,0
DA:7,0
LF:3
LH:1
end_of_record
SF:lib/presentation/bloc/list_top_rated_tv_series/top_rated_tv_series_state.dart
DA:4,1
DA:6,1
DA:7,1
DA:17,1
DA:19,1
DA:20,2
DA:26,1
DA:28,1
DA:29,2
LF:9
LH:9
end_of_record
SF:lib/presentation/bloc/list_top_rated_tv_series/top_rated_tv_series_bloc.dart
DA:13,1
DA:14,2
DA:17,1
DA:20,1
DA:21,2
DA:22,3
DA:23,2
DA:24,1
DA:25,3
DA:27,1
DA:28,2
LF:11
LH:11
end_of_record
SF:lib/presentation/bloc/list_top_rated_tv_series/top_rated_tv_series_event.dart
DA:4,1
DA:6,0
DA:7,0
LF:3
LH:1
end_of_record
SF:lib/presentation/bloc/list_tv_on_air/tv_on_air_state.dart
DA:4,1
DA:6,1
DA:7,1
DA:17,1
DA:19,1
DA:20,2
DA:26,1
DA:28,1
DA:29,2
LF:9
LH:9
end_of_record
SF:lib/presentation/bloc/list_tv_on_air/tv_on_air_event.dart
DA:4,1
DA:6,0
DA:7,0
LF:3
LH:1
end_of_record
SF:lib/presentation/bloc/list_tv_on_air/tv_on_air_bloc.dart
DA:13,3
DA:16,1
DA:19,1
DA:20,2
DA:21,3
DA:22,2
DA:23,1
DA:24,3
DA:26,1
DA:27,2
LF:10
LH:10
end_of_record
