SF:lib/domain/usecase/get_popular_tv_series.dart
DA:8,1
DA:10,1
DA:11,2
LF:3
LH:3
end_of_record
SF:lib/domain/usecase/get_top_rated_tv_series.dart
DA:8,1
DA:10,1
DA:11,3
LF:3
LH:3
end_of_record
SF:lib/domain/usecase/get_tv_on_air.dart
DA:8,1
DA:10,1
DA:11,2
LF:3
LH:3
end_of_record
SF:lib/presentation/bloc/list_popular_tv_series/list_popular_tv_series_state.dart
DA:4,2
DA:6,1
DA:7,1
DA:17,2
DA:19,1
DA:20,2
DA:26,2
DA:28,1
DA:29,2
LF:9
LH:9
end_of_record
SF:lib/presentation/bloc/list_popular_tv_series/list_popular_tv_series_bloc.dart
DA:13,1
DA:14,2
DA:17,1
DA:20,1
DA:21,2
DA:22,3
DA:23,2
DA:24,1
DA:25,3
DA:27,1
DA:28,2
LF:11
LH:11
end_of_record
SF:lib/presentation/bloc/list_popular_tv_series/list_popular_tv_series_event.dart
DA:4,2
DA:6,0
DA:7,0
LF:3
LH:1
end_of_record
SF:lib/presentation/bloc/list_top_rated_tv_series/top_rated_tv_series_state.dart
DA:4,2
DA:6,1
DA:7,1
DA:17,2
DA:19,1
DA:20,2
DA:26,2
DA:28,1
DA:29,2
LF:9
LH:9
end_of_record
SF:lib/presentation/bloc/list_top_rated_tv_series/top_rated_tv_series_bloc.dart
DA:13,1
DA:14,2
DA:17,1
DA:20,1
DA:21,2
DA:22,3
DA:23,2
DA:24,1
DA:25,3
DA:27,1
DA:28,2
LF:11
LH:11
end_of_record
SF:lib/presentation/bloc/list_top_rated_tv_series/top_rated_tv_series_event.dart
DA:4,2
DA:6,0
DA:7,0
LF:3
LH:1
end_of_record
SF:lib/presentation/bloc/list_tv_on_air/tv_on_air_state.dart
DA:4,2
DA:6,1
DA:7,1
DA:17,2
DA:19,1
DA:20,2
DA:26,2
DA:28,1
DA:29,2
LF:9
LH:9
end_of_record
SF:lib/presentation/bloc/list_tv_on_air/tv_on_air_event.dart
DA:4,2
DA:6,0
DA:7,0
LF:3
LH:1
end_of_record
SF:lib/presentation/bloc/list_tv_on_air/tv_on_air_bloc.dart
DA:13,3
DA:16,1
DA:19,1
DA:20,2
DA:21,3
DA:22,2
DA:23,1
DA:24,3
DA:26,1
DA:27,2
LF:10
LH:10
end_of_record
SF:lib/presentation/pages/tv_series_list_page.dart
DA:12,1
DA:13,1
DA:17,1
DA:19,1
DA:20,4
DA:21,4
DA:22,4
DA:25,1
DA:27,1
DA:29,1
DA:30,1
DA:32,1
DA:34,2
DA:35,1
DA:36,1
DA:37,1
DA:38,2
DA:40,1
DA:41,3
DA:42,1
DA:43,3
DA:45,0
DA:48,1
DA:50,0
DA:51,0
DA:54,1
DA:55,1
DA:56,1
DA:57,1
DA:58,1
DA:59,1
DA:60,1
DA:63,1
DA:64,3
DA:65,1
DA:66,1
DA:67,1
DA:68,1
DA:71,0
DA:74,1
DA:76,0
DA:77,0
DA:80,1
DA:81,1
DA:82,1
DA:83,1
DA:84,1
DA:85,1
DA:86,1
DA:89,1
DA:90,3
DA:91,1
DA:92,1
DA:93,1
DA:94,1
DA:97,0
DA:104,1
DA:105,1
DA:107,1
DA:108,1
DA:110,1
DA:112,1
DA:114,1
DA:116,1
DA:117,3
DA:130,1
DA:132,1
DA:134,1
DA:135,1
DA:137,1
DA:139,1
DA:140,2
DA:141,1
DA:143,1
DA:144,0
DA:145,0
DA:148,0
DA:151,1
DA:152,2
DA:153,1
DA:154,2
DA:155,2
DA:156,1
DA:158,0
DA:164,2
LF:85
LH:74
end_of_record
