SF:lib/domain/usecase/get_top_rated_movies.dart
DA:8,0
DA:10,0
DA:11,0
LF:3
LH:0
end_of_record
SF:lib/presentation/bloc/top_rated_movies_page/top_rated_movies_bloc.dart
DA:13,1
DA:14,2
DA:17,1
DA:19,1
DA:20,2
DA:21,3
DA:22,2
DA:23,1
DA:24,3
DA:26,1
DA:27,2
LF:11
LH:11
end_of_record
SF:lib/presentation/bloc/top_rated_movies_page/top_rated_movies_event.dart
DA:4,1
DA:6,0
DA:7,0
LF:3
LH:1
end_of_record
SF:lib/presentation/bloc/top_rated_movies_page/top_rated_movies_state.dart
DA:4,1
DA:6,1
DA:7,1
DA:17,1
DA:19,1
DA:20,2
DA:26,1
DA:28,1
DA:29,2
LF:9
LH:9
end_of_record
SF:lib/presentation/pages/top_rated_movies_page.dart
DA:8,0
DA:9,0
DA:13,0
DA:15,0
DA:18,0
DA:20,0
DA:21,0
DA:22,0
DA:24,0
DA:26,0
DA:27,0
DA:28,0
DA:29,0
DA:30,0
DA:32,0
DA:33,0
DA:34,0
DA:35,0
DA:36,0
DA:38,0
DA:40,0
DA:41,0
DA:42,0
DA:43,0
DA:46,0
LF:25
LH:0
end_of_record
SF:lib/widgets/movie_card_list.dart
DA:10,0
DA:14,0
DA:16,0
DA:18,0
DA:19,0
DA:20,0
DA:23,0
DA:26,0
DA:28,0
DA:29,0
DA:30,0
DA:36,0
DA:38,0
DA:39,0
DA:40,0
DA:43,0
DA:45,0
DA:46,0
DA:47,0
DA:55,0
DA:60,0
DA:61,0
DA:62,0
DA:64,0
DA:65,0
DA:66,0
DA:68,0
DA:69,0
LF:28
LH:0
end_of_record
