SF:lib/domain/usecase/get_top_rated_movies.dart
DA:8,1
DA:10,1
DA:11,2
LF:3
LH:3
end_of_record
SF:lib/presentation/bloc/top_rated_movies_page/top_rated_movies_bloc.dart
DA:13,1
DA:14,2
DA:17,1
DA:19,1
DA:20,2
DA:21,3
DA:22,2
DA:23,1
DA:24,3
DA:26,1
DA:27,2
LF:11
LH:11
end_of_record
SF:lib/presentation/bloc/top_rated_movies_page/top_rated_movies_event.dart
DA:4,2
DA:6,1
DA:7,1
LF:3
LH:3
end_of_record
SF:lib/presentation/bloc/top_rated_movies_page/top_rated_movies_state.dart
DA:4,2
DA:6,1
DA:7,1
DA:17,2
DA:19,1
DA:20,2
DA:26,2
DA:28,1
DA:29,2
LF:9
LH:9
end_of_record
SF:lib/presentation/pages/top_rated_movies_page.dart
DA:8,1
DA:9,1
DA:13,1
DA:15,1
DA:16,4
DA:19,1
DA:21,1
DA:22,1
DA:23,1
DA:25,1
DA:27,1
DA:28,1
DA:29,1
DA:30,1
DA:31,1
DA:32,1
DA:33,1
DA:36,1
DA:37,1
DA:38,1
DA:39,1
DA:40,2
DA:41,1
DA:43,2
DA:45,1
DA:46,1
DA:47,1
DA:48,2
DA:51,0
LF:29
LH:28
end_of_record
SF:lib/widgets/movie_card_list.dart
DA:10,1
DA:14,1
DA:16,1
DA:18,1
DA:19,0
DA:20,0
DA:23,0
DA:26,1
DA:28,1
DA:29,1
DA:30,1
DA:36,1
DA:38,1
DA:39,1
DA:40,2
DA:43,1
DA:45,1
DA:46,1
DA:47,2
DA:55,1
DA:60,1
DA:61,1
DA:62,3
DA:64,1
DA:65,2
DA:66,0
DA:68,1
DA:69,1
LF:28
LH:24
end_of_record
