SF:lib/domain/usecase/get_watchlist.dart
DA:8,1
DA:10,1
DA:11,2
LF:3
LH:3
end_of_record
SF:lib/presentation/bloc/watchlist_page/watchlist_state.dart
DA:4,2
DA:6,1
DA:7,1
DA:17,2
DA:19,1
DA:20,2
DA:26,2
DA:28,1
DA:29,2
LF:9
LH:9
end_of_record
SF:lib/presentation/bloc/watchlist_page/watchlist_bloc.dart
DA:12,3
DA:15,1
DA:16,1
DA:17,2
DA:18,3
DA:19,2
DA:20,1
DA:21,3
DA:23,1
DA:24,2
LF:10
LH:10
end_of_record
SF:lib/presentation/bloc/watchlist_page/watchlist_event.dart
DA:4,2
DA:6,1
DA:7,1
LF:3
LH:3
end_of_record
SF:lib/presentation/pages/watchlist_page.dart
DA:8,1
DA:9,1
DA:13,1
DA:15,1
DA:16,4
DA:19,1
DA:21,1
DA:22,1
DA:23,1
DA:25,1
DA:27,1
DA:28,1
DA:29,1
DA:30,1
DA:31,1
DA:32,1
DA:33,1
DA:36,1
DA:37,1
DA:38,1
DA:39,1
DA:40,2
DA:41,1
DA:45,2
DA:47,1
DA:48,1
DA:49,1
DA:50,2
DA:54,0
LF:29
LH:28
end_of_record
SF:lib/widgets/watchlist_card.dart
DA:10,1
DA:12,1
DA:14,1
DA:16,1
DA:17,0
DA:20,0
DA:21,0
DA:23,1
DA:25,1
DA:26,1
DA:27,1
DA:33,1
DA:35,1
DA:36,1
DA:37,2
DA:40,1
DA:42,1
DA:43,1
DA:44,2
DA:52,1
DA:57,1
DA:58,1
DA:59,3
DA:61,1
DA:62,2
DA:63,0
DA:65,1
DA:66,1
LF:28
LH:24
end_of_record
