SF:lib/domain/usecases/get_now_playing_movies.dart
DA:8,1
DA:10,1
DA:11,2
LF:3
LH:3
end_of_record
SF:lib/domain/usecases/get_popular_movies.dart
DA:8,1
DA:10,1
DA:11,2
LF:3
LH:3
end_of_record
SF:lib/domain/usecases/get_top_rated_movies.dart
DA:8,1
DA:10,1
DA:11,2
LF:3
LH:3
end_of_record
SF:lib/presentation/pages/movie_list_page.dart
DA:14,3
DA:16,1
DA:17,1
DA:21,1
DA:23,1
DA:24,4
DA:25,4
DA:26,4
DA:29,1
DA:31,1
DA:33,1
DA:34,1
DA:36,1
DA:38,1
DA:39,1
DA:40,1
DA:41,1
DA:42,1
DA:43,1
DA:44,1
DA:47,1
DA:48,3
DA:49,1
DA:50,1
DA:51,1
DA:52,1
DA:55,0
DA:58,1
DA:60,0
DA:62,1
DA:63,1
DA:64,1
DA:65,1
DA:66,1
DA:67,1
DA:68,1
DA:71,1
DA:72,3
DA:73,1
DA:74,1
DA:75,1
DA:76,1
DA:79,0
DA:82,1
DA:84,0
DA:86,1
DA:87,1
DA:88,1
DA:89,1
DA:90,1
DA:91,1
DA:92,1
DA:95,1
DA:96,1
DA:97,1
DA:98,1
DA:100,1
DA:101,1
DA:102,1
DA:103,1
DA:106,0
DA:113,1
DA:114,1
DA:116,1
DA:117,1
DA:119,1
DA:121,1
DA:123,1
DA:125,1
DA:126,3
DA:139,1
DA:141,1
DA:143,1
DA:144,1
DA:146,1
DA:148,1
DA:149,2
DA:150,1
DA:152,1
DA:153,0
DA:154,0
DA:157,0
DA:160,1
DA:161,2
DA:162,1
DA:163,2
DA:164,2
DA:165,1
DA:167,0
DA:173,2
LF:90
LH:81
end_of_record
SF:lib/presentation/bloc/list_now_playing_movies/list_now_playing_movies_bloc.dart
DA:13,1
DA:14,2
DA:17,1
DA:19,2
DA:20,3
DA:21,2
DA:22,1
DA:23,3
DA:25,1
DA:26,2
LF:10
LH:10
end_of_record
SF:lib/presentation/bloc/list_now_playing_movies/list_now_playing_movies_state.dart
DA:4,2
DA:6,1
DA:7,1
DA:17,2
DA:19,1
DA:20,2
DA:26,2
DA:28,1
DA:29,2
LF:9
LH:9
end_of_record
SF:lib/presentation/bloc/list_now_playing_movies/list_now_playing_movies_event.dart
DA:4,2
DA:6,1
DA:7,1
LF:3
LH:3
end_of_record
SF:lib/presentation/bloc/list_popular_movies/list_popular_movies_state.dart
DA:4,2
DA:6,1
DA:7,1
DA:17,2
DA:19,1
DA:20,2
DA:26,2
DA:28,1
DA:29,2
LF:9
LH:9
end_of_record
SF:lib/presentation/bloc/list_popular_movies/list_popular_movies_event.dart
DA:4,2
DA:6,1
DA:7,1
LF:3
LH:3
end_of_record
SF:lib/presentation/bloc/list_popular_movies/list_popular_movies_bloc.dart
DA:13,1
DA:14,2
DA:17,1
DA:20,1
DA:21,2
DA:22,3
DA:23,2
DA:24,1
DA:25,3
DA:27,1
DA:28,2
LF:11
LH:11
end_of_record
SF:lib/presentation/bloc/list_top_rated_movies/list_top_rated_movies_bloc.dart
DA:13,1
DA:14,2
DA:17,1
DA:19,1
DA:20,2
DA:21,3
DA:22,2
DA:23,1
DA:24,3
DA:26,1
DA:27,2
LF:11
LH:11
end_of_record
SF:lib/presentation/bloc/list_top_rated_movies/list_top_rated_movies_event.dart
DA:4,2
DA:6,1
DA:7,1
LF:3
LH:3
end_of_record
SF:lib/presentation/bloc/list_top_rated_movies/list_top_rated_movies_state.dart
DA:4,2
DA:6,1
DA:7,1
DA:17,2
DA:19,1
DA:20,2
DA:26,2
DA:28,1
DA:29,2
LF:9
LH:9
end_of_record
