SF:lib/domain/usecase/get_tv_season.dart
DA:8,1
DA:10,1
DA:11,2
LF:3
LH:3
end_of_record
SF:lib/domain/usecase/get_tv_series_detail.dart
DA:7,1
DA:9,1
DA:10,3
LF:3
LH:3
end_of_record
SF:lib/domain/usecase/get_tv_series_recommendation.dart
DA:8,1
DA:10,1
DA:11,2
LF:3
LH:3
end_of_record
SF:lib/domain/usecase/get_watchlist.dart
DA:8,1
DA:10,1
DA:11,2
LF:3
LH:3
end_of_record
SF:lib/domain/usecase/get_watchlist_status.dart
DA:9,1
DA:11,1
DA:12,2
LF:3
LH:3
end_of_record
SF:lib/domain/usecase/remove_watchlist_tv_series.dart
DA:8,1
DA:10,1
DA:11,2
LF:3
LH:3
end_of_record
SF:lib/domain/usecase/save_watchlist_tv_series.dart
DA:8,1
DA:10,1
DA:11,2
LF:3
LH:3
end_of_record
SF:lib/presentation/bloc/list_tv_season/list_tv_season_state.dart
DA:4,2
DA:6,1
DA:7,1
DA:17,2
DA:19,1
DA:20,2
DA:26,2
DA:28,1
DA:29,2
LF:9
LH:9
end_of_record
SF:lib/presentation/bloc/list_tv_season/list_tv_season_event.dart
DA:4,2
DA:6,0
DA:7,0
DA:14,2
DA:16,1
DA:17,3
LF:6
LH:4
end_of_record
SF:lib/presentation/bloc/list_tv_season/list_tv_season_bloc.dart
DA:12,3
DA:15,1
DA:18,1
DA:19,2
DA:20,5
DA:21,2
DA:22,1
DA:23,3
DA:25,1
DA:26,2
LF:10
LH:10
end_of_record
SF:lib/presentation/bloc/tv_series_detail/tv_series_detail_event.dart
DA:4,2
DA:6,0
DA:7,0
DA:13,2
DA:15,1
DA:16,2
LF:6
LH:4
end_of_record
SF:lib/presentation/bloc/tv_series_detail/tv_series_detail_state.dart
DA:4,2
DA:6,1
DA:7,1
DA:17,2
DA:19,1
DA:20,2
DA:26,2
DA:28,1
DA:29,2
LF:9
LH:9
end_of_record
SF:lib/presentation/bloc/tv_series_detail/tv_series_detail_bloc.dart
DA:13,1
DA:14,2
DA:17,1
DA:20,1
DA:21,2
DA:22,4
DA:23,2
DA:24,1
DA:25,3
DA:27,1
DA:28,2
LF:11
LH:11
end_of_record
SF:lib/presentation/bloc/tv_series_recommendation/tv_series_recommendation_state.dart
DA:4,2
DA:6,1
DA:7,1
DA:17,1
DA:19,1
DA:20,2
DA:26,1
DA:28,1
DA:29,2
LF:9
LH:9
end_of_record
SF:lib/presentation/bloc/tv_series_recommendation/tv_series_recommendation_bloc.dart
DA:14,1
DA:15,2
DA:18,1
DA:21,1
DA:22,2
DA:23,4
DA:24,2
DA:25,1
DA:26,3
DA:28,1
DA:29,2
LF:11
LH:11
end_of_record
SF:lib/presentation/bloc/tv_series_recommendation/tv_series_recommendation_event.dart
DA:4,2
DA:6,0
DA:7,0
DA:13,2
DA:15,0
DA:16,0
LF:6
LH:2
end_of_record
SF:lib/presentation/bloc/tv_series_watchlist/tv_series_watchlist_state.dart
DA:4,2
DA:6,1
DA:7,1
DA:17,2
DA:19,1
DA:20,2
DA:26,2
DA:28,1
DA:29,2
LF:9
LH:9
end_of_record
SF:lib/presentation/bloc/tv_series_watchlist/tv_series_watchlist_event.dart
DA:4,2
DA:6,0
DA:7,0
DA:14,2
DA:16,1
DA:17,3
DA:23,2
DA:25,0
DA:26,0
DA:33,2
DA:36,0
DA:37,0
LF:12
LH:6
end_of_record
SF:lib/presentation/bloc/tv_series_watchlist/tv_series_watchlist_bloc.dart
DA:15,1
DA:19,2
DA:22,1
DA:24,1
DA:25,2
DA:26,3
DA:27,2
DA:28,2
DA:29,1
DA:30,3
DA:32,1
DA:33,2
DA:36,1
DA:37,2
DA:38,4
DA:39,2
DA:40,1
DA:41,3
DA:43,1
DA:44,2
DA:47,1
DA:48,2
DA:50,4
DA:51,2
DA:52,1
DA:53,3
DA:55,1
DA:56,2
LF:28
LH:28
end_of_record
SF:lib/presentation/pages/tv_series_detail_page.dart
DA:15,1
DA:17,1
DA:18,1
DA:25,1
DA:27,1
DA:28,2
DA:29,6
DA:32,1
DA:34,1
DA:35,2
DA:38,1
DA:40,1
DA:41,1
DA:42,1
DA:43,1
DA:44,1
DA:45,1
DA:47,1
DA:48,1
DA:49,1
DA:50,1
DA:51,1
DA:54,1
DA:55,2
DA:57,0
DA:69,1
DA:71,1
DA:72,1
DA:76,1
DA:78,1
DA:79,1
DA:80,1
DA:81,5
DA:82,4
DA:83,3
DA:84,3
DA:85,4
DA:86,3
DA:89,1
DA:91,3
DA:92,3
DA:93,1
DA:94,1
DA:95,1
DA:97,4
DA:99,2
DA:100,1
DA:102,0
DA:104,1
DA:106,1
DA:107,1
DA:108,1
DA:109,1
DA:111,2
DA:118,1
DA:119,1
DA:120,1
DA:122,1
DA:124,1
DA:127,1
DA:128,1
DA:129,3
DA:130,1
DA:132,1
DA:134,1
DA:135,1
DA:136,1
DA:137,1
DA:138,1
DA:139,1
DA:142,1
DA:143,1
DA:144,1
DA:145,0
DA:146,0
DA:148,0
DA:149,0
DA:150,0
DA:154,0
DA:155,0
DA:156,0
DA:159,0
DA:160,0
DA:161,0
DA:162,0
DA:163,0
DA:164,0
DA:168,1
DA:169,1
DA:170,1
DA:171,1
DA:173,1
DA:175,1
DA:177,1
DA:179,1
DA:183,1
DA:184,1
DA:185,1
DA:186,0
DA:187,1
DA:188,1
DA:189,1
DA:190,2
DA:195,0
DA:198,1
DA:199,4
DA:201,3
DA:202,1
DA:203,1
DA:204,1
DA:205,4
DA:207,2
DA:213,5
DA:216,1
DA:217,1
DA:219,1
DA:221,1
DA:222,3
DA:224,1
DA:225,1
DA:227,1
DA:228,2
DA:230,1
DA:231,1
DA:232,1
DA:235,1
DA:236,1
DA:242,1
DA:243,1
DA:244,1
DA:245,1
DA:246,2
DA:247,1
DA:248,4
DA:249,1
DA:250,0
DA:251,1
DA:259,1
DA:261,1
DA:276,1
DA:278,1
DA:281,1
DA:282,1
DA:283,0
DA:284,0
DA:293,1
DA:295,2
DA:296,3
DA:299,1
DA:303,3
DA:308,2
DA:310,0
DA:312,0
DA:313,0
DA:314,0
DA:315,0
DA:316,0
DA:317,0
DA:318,0
DA:321,0
DA:322,0
DA:323,0
DA:324,0
DA:325,0
DA:326,0
DA:327,0
DA:329,0
DA:332,0
DA:333,0
DA:334,0
DA:338,0
DA:344,0
DA:352,1
DA:354,1
DA:356,1
DA:357,1
DA:363,1
DA:365,1
DA:366,1
DA:369,1
DA:371,1
DA:372,1
DA:373,1
DA:374,1
DA:375,1
DA:376,1
DA:377,1
DA:380,1
DA:381,3
DA:382,1
DA:383,4
DA:384,3
DA:385,1
DA:386,1
DA:388,1
DA:389,1
DA:390,1
DA:393,1
DA:394,1
DA:395,1
DA:397,3
DA:398,2
DA:401,1
DA:402,0
DA:403,0
DA:408,1
DA:409,1
DA:411,1
DA:414,1
DA:415,2
DA:416,1
DA:421,2
DA:427,0
DA:435,1
DA:438,1
DA:442,1
DA:444,2
DA:445,0
DA:446,0
DA:448,0
DA:451,6
DA:460,1
DA:462,1
DA:464,1
DA:466,1
DA:468,1
DA:469,1
DA:470,1
DA:471,1
DA:472,1
DA:473,3
DA:477,2
DA:478,1
DA:480,0
DA:482,2
DA:484,1
DA:485,7
DA:488,1
DA:491,6
DA:499,0
DA:502,0
DA:506,0
DA:508,0
DA:510,0
DA:511,0
DA:512,0
DA:515,0
DA:518,0
DA:519,0
DA:520,0
DA:522,0
DA:524,0
DA:525,0
DA:526,0
DA:528,0
DA:536,1
DA:537,1
DA:538,3
DA:539,1
LF:259
LH:194
end_of_record
