SF:lib/domain/usecase/get_popular_movies.dart
DA:8,1
DA:10,1
DA:11,2
LF:3
LH:3
end_of_record
SF:lib/presentation/bloc/popular_movies_page/popular_movies_state.dart
DA:4,2
DA:6,1
DA:7,1
DA:17,2
DA:19,1
DA:20,2
DA:26,2
DA:28,1
DA:29,2
LF:9
LH:9
end_of_record
SF:lib/presentation/bloc/popular_movies_page/popular_movies_bloc.dart
DA:12,1
DA:13,2
DA:16,1
DA:19,1
DA:20,2
DA:21,3
DA:22,2
DA:23,1
DA:24,3
DA:26,1
DA:27,2
LF:11
LH:11
end_of_record
SF:lib/presentation/bloc/popular_movies_page/popular_movies_event.dart
DA:4,2
DA:6,1
DA:7,1
LF:3
LH:3
end_of_record
SF:lib/widgets/movie_card_list.dart
DA:11,1
DA:15,1
DA:17,1
DA:19,1
DA:20,0
DA:21,0
DA:24,0
DA:27,1
DA:29,1
DA:30,1
DA:31,1
DA:37,1
DA:39,1
DA:40,1
DA:41,2
DA:44,1
DA:46,1
DA:47,1
DA:48,2
DA:56,1
DA:61,1
DA:62,1
DA:63,3
DA:65,1
DA:66,2
DA:67,0
DA:69,1
DA:70,1
LF:28
LH:24
end_of_record
SF:lib/presentation/pages/popular_movies_page.dart
DA:9,1
DA:10,1
DA:14,1
DA:16,1
DA:17,4
DA:20,1
DA:22,1
DA:23,1
DA:24,1
DA:26,1
DA:28,1
DA:29,1
DA:30,1
DA:31,1
DA:32,1
DA:33,1
DA:34,1
DA:37,1
DA:38,1
DA:39,1
DA:40,1
DA:41,2
DA:42,1
DA:44,2
DA:46,1
DA:47,1
DA:48,1
DA:49,2
DA:52,0
LF:29
LH:28
end_of_record
