SF:lib/data/models/movie_detail_response.dart
DA:6,3
DA:52,2
DA:53,2
DA:54,2
DA:55,2
DA:56,2
DA:57,2
DA:58,8
DA:59,2
DA:60,2
DA:61,2
DA:62,2
DA:63,2
DA:64,2
DA:65,4
DA:66,2
DA:67,2
DA:68,2
DA:69,2
DA:70,2
DA:71,2
DA:72,2
DA:73,2
DA:74,4
DA:75,2
DA:78,2
DA:79,1
DA:80,1
DA:81,1
DA:82,5
DA:83,1
DA:84,1
DA:85,1
DA:86,1
DA:87,1
DA:88,1
DA:89,1
DA:90,1
DA:91,1
DA:92,1
DA:93,1
DA:94,1
DA:95,1
DA:96,1
DA:97,1
DA:98,1
DA:99,1
DA:102,2
DA:103,2
DA:104,2
DA:105,2
DA:106,10
DA:107,2
DA:108,2
DA:109,2
DA:110,2
DA:111,2
DA:112,2
DA:113,2
DA:114,2
DA:115,2
DA:119,2
DA:120,2
DA:121,2
DA:122,2
DA:123,2
DA:124,2
DA:125,2
DA:126,2
DA:127,2
DA:128,2
DA:129,2
DA:130,2
DA:131,2
DA:132,2
DA:133,2
DA:134,2
DA:135,2
DA:136,2
DA:137,2
DA:138,2
DA:139,2
DA:140,2
DA:141,2
LF:84
LH:84
end_of_record
SF:lib/data/models/tv_season_response.dart
DA:6,3
DA:26,2
DA:27,2
DA:28,2
DA:29,2
DA:30,2
DA:31,8
DA:32,2
DA:33,2
DA:34,2
DA:35,2
DA:36,2
DA:40,2
DA:41,1
DA:42,1
DA:43,5
DA:44,1
DA:45,1
DA:46,1
DA:47,1
DA:48,1
DA:51,1
DA:52,1
DA:53,1
DA:54,1
DA:55,5
DA:56,1
DA:57,1
DA:58,1
DA:59,1
DA:60,1
DA:64,2
DA:65,2
DA:66,2
DA:67,2
DA:68,2
DA:69,2
DA:70,2
DA:71,2
DA:72,2
DA:73,2
DA:74,2
LF:42
LH:42
end_of_record
SF:lib/data/models/tv_series_detail_response.dart
DA:6,3
DA:58,2
DA:59,2
DA:60,2
DA:61,7
DA:62,2
DA:63,2
DA:64,8
DA:65,2
DA:66,2
DA:67,2
DA:68,7
DA:69,2
DA:70,2
DA:71,2
DA:72,2
DA:73,2
DA:74,7
DA:75,2
DA:76,2
DA:77,2
DA:78,4
DA:79,2
DA:80,2
DA:81,2
DA:82,2
DA:83,4
DA:84,2
DA:87,2
DA:88,1
DA:89,3
DA:90,1
DA:91,5
DA:92,1
DA:93,1
DA:94,1
DA:95,3
DA:96,1
DA:97,1
DA:98,1
DA:99,1
DA:100,1
DA:101,3
DA:102,1
DA:103,1
DA:104,1
DA:105,1
DA:106,1
DA:107,1
DA:108,1
DA:109,1
DA:110,1
DA:111,1
DA:114,2
DA:115,2
DA:116,2
DA:117,10
DA:118,2
DA:119,2
DA:120,2
DA:121,2
DA:122,2
DA:123,2
DA:124,2
DA:125,2
DA:126,2
DA:127,2
DA:128,2
DA:132,2
DA:133,2
DA:134,2
DA:135,2
DA:136,2
DA:137,2
DA:138,2
DA:139,2
DA:140,2
DA:141,2
DA:142,2
DA:143,2
DA:144,2
DA:145,2
DA:146,2
DA:147,2
DA:148,2
DA:149,2
DA:150,2
DA:151,2
DA:152,2
DA:153,2
DA:154,2
DA:155,2
DA:156,2
DA:157,2
LF:94
LH:94
end_of_record
SF:lib/data/datasources/movie_remote_data_source.dart
DA:22,1
DA:25,1
DA:27,5
DA:29,2
DA:30,4
DA:32,1
DA:37,1
DA:39,5
DA:41,2
DA:42,3
DA:44,1
DA:49,1
DA:50,2
DA:51,3
DA:53,2
DA:54,4
DA:56,1
DA:61,1
DA:63,5
DA:65,2
DA:66,4
DA:68,1
DA:73,1
DA:75,5
DA:77,2
DA:78,4
DA:80,1
DA:85,1
DA:86,2
DA:87,3
DA:89,2
DA:90,4
DA:92,1
LF:33
LH:33
end_of_record
SF:lib/data/datasources/movie_local_data_source.dart
DA:14,1
DA:17,1
DA:19,3
DA:22,2
DA:27,1
DA:29,3
DA:32,2
DA:37,1
DA:38,3
DA:40,1
DA:47,1
DA:48,3
DA:49,4
LF:13
LH:13
end_of_record
SF:lib/data/datasources/tv_series_remote_data_source.dart
DA:24,1
DA:27,1
DA:29,5
DA:30,2
DA:31,4
DA:33,1
DA:38,1
DA:40,5
DA:41,2
DA:42,4
DA:44,1
DA:49,1
DA:51,5
DA:52,2
DA:53,4
DA:55,1
DA:60,1
DA:61,5
DA:62,2
DA:63,3
DA:65,1
DA:70,1
DA:71,2
DA:72,3
DA:73,2
DA:74,4
DA:76,1
DA:81,1
DA:82,2
DA:83,3
DA:85,2
DA:86,4
DA:88,1
DA:93,1
DA:94,2
DA:95,3
DA:97,2
DA:98,3
DA:100,1
LF:39
LH:39
end_of_record
SF:lib/data/datasources/tv_series_local_data_source.dart
DA:14,1
DA:17,1
DA:19,3
DA:22,2
DA:27,1
DA:29,3
DA:32,2
DA:37,1
DA:38,3
DA:40,1
DA:47,1
DA:48,3
DA:49,4
LF:13
LH:13
end_of_record
SF:lib/data/datasources/db/database_helper.dart
DA:9,0
DA:13,0
DA:17,0
DA:19,0
DA:29,0
DA:30,0
DA:31,0
DA:33,0
DA:36,0
DA:37,0
DA:42,0
DA:43,0
DA:51,0
DA:52,0
DA:60,0
DA:63,0
DA:64,0
DA:66,0
DA:71,0
DA:72,0
DA:73,0
DA:76,0
DA:77,0
DA:78,0
DA:81,0
DA:85,0
DA:86,0
DA:87,0
DA:90,0
DA:93,0
DA:94,0
DA:100,0
DA:101,0
DA:103,0
DA:108,0
DA:109,0
DA:110,0
DA:113,0
DA:114,0
DA:115,0
DA:118,0
DA:122,0
DA:123,0
DA:124,0
DA:127,0
DA:130,0
DA:131,0
LF:47
LH:0
end_of_record
SF:lib/styles/text_styles.dart
DA:5,0
DA:7,0
DA:9,0
DA:11,0
DA:15,0
LF:5
LH:0
end_of_record
SF:lib/utils/encrypt.dart
DA:3,0
DA:4,0
DA:5,0
DA:6,0
DA:7,0
DA:8,0
LF:6
LH:0
end_of_record
SF:lib/utils/exception.dart
DA:6,2
LF:1
LH:1
end_of_record
SF:lib/utils/failure.dart
DA:6,2
DA:8,2
DA:9,4
DA:13,4
DA:17,4
DA:21,0
DA:25,0
LF:7
LH:5
end_of_record
SF:lib/utils/state_enum.dart
DA:1,18
DA:3,18
LF:2
LH:2
end_of_record
SF:lib/utils/http/http_ssl_pinning.dart
DA:6,0
DA:7,0
DA:10,0
DA:12,0
DA:13,0
LF:5
LH:0
end_of_record
SF:lib/data/repositories/movie_repository_impl.dart
DA:12,1
DA:18,1
DA:20,3
DA:21,5
DA:22,1
DA:23,2
DA:24,1
DA:25,2
DA:26,0
DA:27,0
DA:32,1
DA:34,3
DA:35,2
DA:36,1
DA:37,2
DA:38,1
DA:39,2
DA:40,0
DA:41,0
DA:46,1
DA:48,3
DA:49,3
DA:50,1
DA:51,2
DA:52,1
DA:53,2
DA:54,0
DA:55,0
DA:60,1
DA:62,3
DA:63,5
DA:64,1
DA:65,2
DA:66,1
DA:67,2
DA:68,0
DA:69,0
DA:74,1
DA:76,3
DA:77,5
DA:78,1
DA:79,2
DA:80,1
DA:81,2
DA:82,0
DA:83,0
DA:88,1
DA:90,3
DA:91,5
DA:92,1
DA:93,2
DA:94,1
DA:95,2
DA:96,0
DA:97,0
LF:55
LH:43
end_of_record
SF:lib/data/repositories/tv_series_repository_impl.dart
DA:12,1
DA:18,1
DA:20,3
DA:21,5
DA:22,1
DA:23,2
DA:24,1
DA:25,2
DA:26,0
DA:27,0
DA:32,1
DA:34,3
DA:35,5
DA:36,1
DA:37,2
DA:38,1
DA:39,2
DA:40,0
DA:41,0
DA:46,1
DA:48,3
DA:49,5
DA:50,1
DA:51,2
DA:52,1
DA:53,2
DA:54,0
DA:55,0
DA:60,1
DA:62,3
DA:63,2
DA:64,1
DA:65,2
DA:66,1
DA:67,2
DA:68,0
DA:69,0
DA:74,1
DA:77,3
DA:78,3
DA:79,1
DA:80,2
DA:81,1
DA:82,2
DA:83,0
DA:84,0
DA:89,1
DA:91,3
DA:92,5
DA:93,1
DA:94,2
DA:95,1
DA:96,2
DA:97,0
DA:98,0
DA:103,1
DA:106,1
DA:107,2
DA:108,4
DA:110,5
DA:111,1
DA:112,2
DA:113,1
DA:114,2
DA:115,0
DA:116,0
LF:66
LH:52
end_of_record
SF:lib/data/repositories/watchlist_repository_impl.dart
DA:11,0
DA:17,0
DA:19,0
DA:21,0
DA:22,0
DA:24,0
DA:26,0
DA:27,0
DA:28,0
DA:29,0
DA:30,0
DA:31,0
DA:32,0
DA:33,0
DA:38,0
DA:42,0
DA:43,0
DA:45,0
DA:47,0
DA:48,0
DA:49,0
DA:50,0
DA:51,0
DA:56,0
DA:58,0
DA:59,0
DA:60,0
DA:61,0
DA:62,0
DA:69,0
DA:72,0
DA:73,0
DA:74,0
DA:75,0
DA:76,0
DA:77,0
DA:78,0
DA:83,0
DA:86,0
DA:87,0
DA:88,0
DA:89,0
DA:90,0
DA:91,0
DA:92,0
DA:97,0
DA:100,0
DA:101,0
DA:102,0
DA:103,0
DA:104,0
DA:105,0
DA:106,0
LF:53
LH:0
end_of_record
SF:lib/data/models/episode_model.dart
DA:5,4
DA:17,6
DA:18,3
DA:19,3
DA:20,3
DA:21,3
DA:23,4
DA:24,2
DA:25,2
DA:26,2
DA:27,2
DA:30,2
DA:31,2
DA:32,2
DA:33,2
DA:34,2
DA:35,2
DA:39,3
DA:40,3
DA:41,3
DA:42,3
DA:43,3
DA:44,3
LF:23
LH:23
end_of_record
SF:lib/data/models/genre_model.dart
DA:5,7
DA:13,10
DA:14,5
DA:15,5
DA:18,6
DA:19,3
DA:20,3
DA:23,5
DA:24,15
DA:27,5
DA:28,15
LF:11
LH:11
end_of_record
SF:lib/data/models/movie_response.dart
DA:7,2
DA:9,4
DA:10,4
DA:11,6
DA:12,6
DA:15,2
DA:16,5
DA:19,1
DA:20,2
LF:9
LH:9
end_of_record
SF:lib/data/models/movie_model.dart
DA:5,4
DA:35,6
DA:36,3
DA:37,3
DA:38,12
DA:39,3
DA:40,3
DA:41,3
DA:42,6
DA:43,3
DA:44,3
DA:45,3
DA:46,3
DA:47,6
DA:48,3
DA:51,4
DA:52,2
DA:53,2
DA:54,8
DA:55,2
DA:56,2
DA:57,2
DA:58,2
DA:59,2
DA:60,2
DA:61,2
DA:62,2
DA:63,2
DA:64,2
DA:67,2
DA:68,2
DA:69,2
DA:70,2
DA:71,2
DA:72,2
DA:73,2
DA:74,2
DA:75,2
DA:76,2
DA:77,2
DA:78,2
DA:79,2
DA:80,2
DA:81,2
DA:85,3
DA:86,3
DA:87,3
DA:88,3
DA:89,3
DA:90,3
DA:91,3
DA:92,3
DA:93,3
DA:94,3
DA:95,3
DA:96,3
DA:97,3
DA:98,3
DA:99,3
LF:59
LH:59
end_of_record
SF:lib/data/models/movie_table.dart
DA:12,3
DA:20,2
DA:21,1
DA:22,1
DA:23,1
DA:24,1
DA:27,4
DA:28,2
DA:29,2
DA:30,2
DA:31,2
DA:34,2
DA:35,1
DA:36,1
DA:37,1
DA:38,1
DA:39,1
DA:42,2
DA:43,1
DA:44,1
DA:45,1
DA:46,1
DA:49,2
DA:50,2
DA:51,2
DA:52,2
DA:53,2
DA:54,2
DA:55,2
LF:29
LH:29
end_of_record
SF:lib/data/models/tv_series_model.dart
DA:5,4
DA:35,6
DA:36,3
DA:37,3
DA:38,10
DA:39,3
DA:40,3
DA:41,10
DA:42,3
DA:43,3
DA:44,3
DA:45,6
DA:46,3
DA:47,6
DA:48,3
DA:51,4
DA:52,2
DA:53,2
DA:54,6
DA:55,2
DA:56,2
DA:57,6
DA:58,2
DA:59,2
DA:60,2
DA:61,2
DA:62,2
DA:63,2
DA:64,2
DA:67,2
DA:68,2
DA:69,2
DA:70,2
DA:71,2
DA:72,2
DA:73,2
DA:74,2
DA:75,2
DA:76,2
DA:77,2
DA:78,2
DA:79,2
DA:80,2
DA:81,2
DA:85,3
DA:86,3
DA:87,3
DA:88,3
DA:89,3
DA:90,3
DA:91,3
DA:92,3
DA:93,3
DA:94,3
DA:95,3
DA:96,3
DA:97,3
DA:98,3
DA:99,3
LF:59
LH:59
end_of_record
SF:lib/data/models/tv_series_response.dart
DA:7,2
DA:9,2
DA:10,2
DA:11,4
DA:12,6
DA:13,4
DA:14,4
DA:16,2
DA:17,5
DA:20,1
DA:21,1
DA:22,1
LF:12
LH:12
end_of_record
SF:lib/data/models/tv_series_table.dart
DA:12,3
DA:20,2
DA:21,1
DA:22,1
DA:23,1
DA:24,1
DA:27,4
DA:28,2
DA:29,2
DA:30,2
DA:31,2
DA:34,2
DA:35,1
DA:36,1
DA:37,1
DA:38,1
DA:39,1
DA:42,2
DA:43,1
DA:44,1
DA:45,1
DA:46,1
DA:49,2
DA:50,2
DA:51,2
DA:52,2
DA:53,2
DA:54,2
DA:55,2
LF:29
LH:29
end_of_record
SF:lib/data/models/watchlist_tabel.dart
DA:6,1
DA:20,2
DA:21,1
DA:22,1
DA:23,1
DA:24,1
DA:25,1
DA:28,2
DA:29,1
DA:30,1
DA:31,1
DA:32,1
DA:33,1
DA:36,1
DA:37,1
DA:38,1
DA:39,1
DA:40,1
DA:41,1
DA:42,1
DA:46,1
DA:47,1
DA:48,1
DA:49,1
DA:50,1
DA:51,1
DA:52,1
LF:27
LH:27
end_of_record
SF:lib/domain/entities/episode.dart
DA:4,2
DA:16,2
DA:17,2
DA:18,2
DA:19,2
DA:20,2
DA:21,2
LF:7
LH:7
end_of_record
SF:lib/domain/entities/genre.dart
DA:4,7
DA:12,5
DA:13,15
LF:3
LH:3
end_of_record
SF:lib/domain/entities/movie.dart
DA:4,2
DA:20,1
DA:41,3
DA:42,3
DA:43,3
DA:44,3
DA:45,3
DA:46,3
DA:47,3
DA:48,3
DA:49,3
DA:50,3
DA:51,3
DA:52,3
DA:53,3
DA:54,3
DA:55,3
LF:17
LH:17
end_of_record
SF:lib/domain/entities/tv_series.dart
DA:4,2
DA:20,1
DA:41,3
DA:42,3
DA:43,3
DA:44,3
DA:45,3
DA:46,3
DA:47,3
DA:48,3
DA:49,3
DA:50,3
DA:51,3
DA:52,3
DA:53,3
DA:54,3
DA:55,3
LF:17
LH:17
end_of_record
SF:lib/domain/entities/movie_detail.dart
DA:5,3
DA:33,2
DA:34,2
DA:35,2
DA:36,2
DA:37,2
DA:38,2
DA:39,2
DA:40,2
DA:41,2
DA:42,2
DA:43,2
DA:44,2
DA:45,2
LF:14
LH:14
end_of_record
SF:lib/domain/entities/watchlist.dart
DA:4,1
DA:18,1
DA:19,1
DA:20,1
DA:21,1
DA:22,1
DA:23,1
DA:24,1
LF:8
LH:8
end_of_record
SF:lib/domain/entities/tv_season.dart
DA:5,1
DA:25,1
DA:26,1
DA:27,1
DA:28,1
DA:29,1
DA:30,1
DA:31,1
DA:32,1
DA:33,1
DA:34,1
DA:35,1
LF:12
LH:12
end_of_record
SF:lib/domain/entities/tv_series_detail.dart
DA:5,3
DA:35,2
DA:36,2
DA:37,2
DA:38,2
DA:39,2
DA:40,2
DA:41,2
DA:42,2
DA:43,2
DA:44,2
DA:45,2
DA:46,2
DA:47,2
DA:48,2
DA:49,2
LF:16
LH:16
end_of_record
SF:lib/presentation/about_page.dart
DA:7,0
DA:9,0
DA:10,0
DA:11,0
DA:12,0
DA:13,0
DA:14,0
DA:15,0
DA:17,0
DA:18,0
DA:25,0
DA:26,0
DA:29,0
DA:31,0
DA:38,0
DA:39,0
DA:40,0
DA:41,0
LF:18
LH:0
end_of_record
SF:lib/dummy_data/dummy_objects.dart
DA:7,0
DA:24,0
DA:26,6
DA:30,4
DA:50,9
DA:53,6
DA:65,9
DA:72,3
DA:80,4
DA:82,3
DA:90,3
DA:98,3
DA:102,1
DA:103,1
DA:127,3
DA:130,1
DA:147,3
DA:150,1
DA:153,1
DA:163,9
DA:165,6
DA:179,9
DA:186,0
DA:194,3
DA:201,4
DA:203,3
DA:205,1
DA:207,1
DA:208,1
DA:213,1
DA:219,1
DA:232,3
DA:234,1
DA:236,2
DA:240,1
DA:246,1
DA:259,6
DA:262,2
DA:265,2
DA:275,3
DA:278,1
DA:281,1
DA:291,6
DA:299,0
DA:305,3
DA:308,1
DA:309,1
DA:324,6
DA:327,2
DA:328,2
DA:343,3
DA:346,1
DA:347,1
DA:362,3
DA:370,3
DA:378,3
DA:386,0
DA:391,3
DA:392,1
DA:393,1
LF:60
LH:55
end_of_record
SF:lib/utils/http/override_http.dart
DA:8,0
DA:9,0
DA:10,0
DA:11,0
DA:12,0
DA:16,0
DA:17,0
DA:18,0
DA:19,0
DA:20,0
LF:10
LH:0
end_of_record
