SF:lib/domain/usecase/search_movies.dart
DA:8,1
DA:10,1
DA:11,2
LF:3
LH:3
end_of_record
SF:lib/domain/usecase/search_tv_series.dart
DA:8,1
DA:10,1
DA:11,2
LF:3
LH:3
end_of_record
SF:lib/presentation/bloc/search_movies/search_movies_event.dart
DA:4,2
DA:6,0
DA:7,0
DA:13,2
DA:15,0
DA:16,0
LF:6
LH:2
end_of_record
SF:lib/presentation/bloc/search_movies/search_movies_state.dart
DA:4,2
DA:6,1
DA:7,1
DA:17,2
DA:19,1
DA:20,2
DA:26,2
DA:28,1
DA:29,2
LF:9
LH:9
end_of_record
SF:lib/presentation/bloc/search_movies/search_movies_bloc.dart
DA:13,3
DA:16,1
DA:19,1
DA:20,2
DA:21,4
DA:22,2
DA:23,1
DA:24,3
DA:26,1
DA:27,2
DA:33,1
DA:37,1
DA:38,1
LF:13
LH:13
end_of_record
SF:lib/presentation/bloc/search_tv_series/search_tv_series_event.dart
DA:4,2
DA:6,0
DA:7,0
DA:13,2
DA:15,0
DA:16,0
LF:6
LH:2
end_of_record
SF:lib/presentation/bloc/search_tv_series/search_tv_series_state.dart
DA:4,2
DA:6,1
DA:7,1
DA:17,2
DA:21,1
DA:22,2
DA:28,2
DA:32,1
DA:33,2
LF:9
LH:9
end_of_record
SF:lib/presentation/bloc/search_tv_series/search_tv_series_bloc.dart
DA:14,1
DA:15,2
DA:18,1
DA:20,1
DA:21,2
DA:22,4
DA:23,2
DA:24,1
DA:25,3
DA:27,1
DA:28,2
DA:34,1
DA:38,1
DA:39,1
LF:14
LH:14
end_of_record
SF:lib/presentation/pages/search_page.dart
DA:10,1
DA:12,1
DA:13,1
DA:14,1
DA:16,1
DA:18,1
DA:20,1
DA:21,1
DA:22,0
DA:24,0
DA:25,0
DA:27,0
DA:28,0
DA:30,1
DA:32,1
DA:33,1
DA:37,1
DA:38,1
DA:40,1
DA:42,1
DA:43,1
DA:44,1
DA:45,1
DA:46,1
DA:47,1
DA:48,1
DA:49,1
DA:50,1
DA:51,1
DA:54,1
DA:55,1
DA:56,1
DA:57,1
DA:59,1
DA:61,1
DA:62,2
DA:63,1
DA:65,1
DA:67,1
DA:68,1
DA:69,1
DA:70,1
DA:73,0
DA:77,1
DA:78,1
DA:79,1
DA:80,1
DA:81,1
DA:82,1
DA:83,1
DA:86,1
DA:87,1
DA:88,1
DA:89,1
DA:91,1
DA:93,1
DA:94,2
DA:95,1
DA:97,1
DA:99,1
DA:100,1
DA:101,1
DA:102,1
DA:105,0
LF:64
LH:57
end_of_record
SF:lib/widgets/movie_card_list.dart
DA:10,1
DA:14,1
DA:16,1
DA:18,1
DA:19,0
DA:20,0
DA:23,0
DA:26,1
DA:28,1
DA:29,1
DA:30,1
DA:36,1
DA:38,1
DA:39,1
DA:40,2
DA:43,1
DA:45,1
DA:46,1
DA:47,2
DA:55,1
DA:60,1
DA:61,1
DA:62,3
DA:64,1
DA:65,2
DA:66,0
DA:68,1
DA:69,1
LF:28
LH:24
end_of_record
SF:lib/widgets/tv_series_card_list.dart
DA:10,1
DA:12,1
DA:14,1
DA:16,1
DA:17,0
DA:18,0
DA:21,0
DA:24,1
DA:26,1
DA:27,1
DA:28,1
DA:34,1
DA:36,1
DA:37,1
DA:38,2
DA:41,1
DA:43,1
DA:44,1
DA:45,2
DA:53,1
DA:58,1
DA:59,1
DA:60,3
DA:62,2
DA:63,1
DA:65,0
DA:67,2
LF:27
LH:23
end_of_record
